0 info it worked if it ends with ok
1 verbose cli [ '/Users/annikahagelin/.node/bin/node',
1 verbose cli   '/Users/annikahagelin/.node/bin/npm',
1 verbose cli   'install',
1 verbose cli   'angular-route-styles' ]
2 info using npm@2.14.12
3 info using node@v4.3.1
4 verbose install initial load of /Users/annikahagelin/compSci/ankihg-web/package.json
5 warn package.json ankihg-web@1.0.0 No description
6 warn package.json ankihg-web@1.0.0 No README data
7 verbose installManyTop reading scoped package data from /Users/annikahagelin/compSci/ankihg-web/node_modules/angular/package.json
8 verbose installManyTop reading scoped package data from /Users/annikahagelin/compSci/ankihg-web/node_modules/angular-route/package.json
9 verbose installManyTop reading scoped package data from /Users/annikahagelin/compSci/ankihg-web/node_modules/body-parser/package.json
10 verbose installManyTop reading scoped package data from /Users/annikahagelin/compSci/ankihg-web/node_modules/css-loader/package.json
11 verbose installManyTop reading scoped package data from /Users/annikahagelin/compSci/ankihg-web/node_modules/express/package.json
12 verbose installManyTop reading scoped package data from /Users/annikahagelin/compSci/ankihg-web/node_modules/gulp/package.json
13 verbose installManyTop reading scoped package data from /Users/annikahagelin/compSci/ankihg-web/node_modules/mongoose/package.json
14 verbose installManyTop reading scoped package data from /Users/annikahagelin/compSci/ankihg-web/node_modules/style-loader/package.json
15 verbose installManyTop reading scoped package data from /Users/annikahagelin/compSci/ankihg-web/node_modules/webpack/package.json
16 verbose installManyTop reading scoped package data from /Users/annikahagelin/compSci/ankihg-web/node_modules/webpack-stream/package.json
17 verbose readDependencies loading dependencies from /Users/annikahagelin/compSci/ankihg-web/package.json
18 silly cache add args [ 'angular-route-styles', null ]
19 verbose cache add spec angular-route-styles
20 silly cache add parsed spec Result {
20 silly cache add   raw: 'angular-route-styles',
20 silly cache add   scope: null,
20 silly cache add   name: 'angular-route-styles',
20 silly cache add   rawSpec: '',
20 silly cache add   spec: 'latest',
20 silly cache add   type: 'tag' }
21 silly addNamed angular-route-styles@latest
22 verbose addNamed "latest" is being treated as a dist-tag for angular-route-styles
23 info addNameTag [ 'angular-route-styles', 'latest' ]
24 silly mapToRegistry name angular-route-styles
25 silly mapToRegistry using default registry
26 silly mapToRegistry registry https://registry.npmjs.org/
27 silly mapToRegistry uri https://registry.npmjs.org/angular-route-styles
28 verbose addNameTag registry:https://registry.npmjs.org/angular-route-styles not in flight; fetching
29 verbose request uri https://registry.npmjs.org/angular-route-styles
30 verbose request no auth needed
31 info attempt registry request try #1 at 16:45:50
32 verbose request using bearer token for auth
33 verbose request id 42b5332ec58d81ad
34 http request GET https://registry.npmjs.org/angular-route-styles
35 http 404 https://registry.npmjs.org/angular-route-styles
36 verbose headers { 'content-type': 'application/json',
36 verbose headers   'cache-control': 'max-age=0',
36 verbose headers   'content-length': '2',
36 verbose headers   'accept-ranges': 'bytes',
36 verbose headers   date: 'Mon, 02 May 2016 23:45:51 GMT',
36 verbose headers   via: '1.1 varnish',
36 verbose headers   connection: 'keep-alive',
36 verbose headers   'x-served-by': 'cache-lax1430-LAX',
36 verbose headers   'x-cache': 'MISS',
36 verbose headers   'x-cache-hits': '0',
36 verbose headers   'x-timer': 'S1462232750.922035,VS0,VE198',
36 verbose headers   vary: 'Accept-Encoding' }
37 silly get cb [ 404,
37 silly get   { 'content-type': 'application/json',
37 silly get     'cache-control': 'max-age=0',
37 silly get     'content-length': '2',
37 silly get     'accept-ranges': 'bytes',
37 silly get     date: 'Mon, 02 May 2016 23:45:51 GMT',
37 silly get     via: '1.1 varnish',
37 silly get     connection: 'keep-alive',
37 silly get     'x-served-by': 'cache-lax1430-LAX',
37 silly get     'x-cache': 'MISS',
37 silly get     'x-cache-hits': '0',
37 silly get     'x-timer': 'S1462232750.922035,VS0,VE198',
37 silly get     vary: 'Accept-Encoding' } ]
38 verbose stack Error: Registry returned 404 for GET on https://registry.npmjs.org/angular-route-styles
38 verbose stack     at makeError (/Users/annikahagelin/.node/lib/node_modules/npm/node_modules/npm-registry-client/lib/request.js:264:12)
38 verbose stack     at CachingRegistryClient.<anonymous> (/Users/annikahagelin/.node/lib/node_modules/npm/node_modules/npm-registry-client/lib/request.js:242:14)
38 verbose stack     at Request._callback (/Users/annikahagelin/.node/lib/node_modules/npm/node_modules/npm-registry-client/lib/request.js:172:14)
38 verbose stack     at Request.self.callback (/Users/annikahagelin/.node/lib/node_modules/npm/node_modules/request/request.js:198:22)
38 verbose stack     at emitTwo (events.js:87:13)
38 verbose stack     at Request.emit (events.js:172:7)
38 verbose stack     at Request.<anonymous> (/Users/annikahagelin/.node/lib/node_modules/npm/node_modules/request/request.js:1082:10)
38 verbose stack     at emitOne (events.js:82:20)
38 verbose stack     at Request.emit (events.js:169:7)
38 verbose stack     at IncomingMessage.<anonymous> (/Users/annikahagelin/.node/lib/node_modules/npm/node_modules/request/request.js:1009:12)
39 verbose statusCode 404
40 verbose pkgid angular-route-styles
41 verbose cwd /Users/annikahagelin/compSci/ankihg-web
42 error Darwin 14.3.0
43 error argv "/Users/annikahagelin/.node/bin/node" "/Users/annikahagelin/.node/bin/npm" "install" "angular-route-styles"
44 error node v4.3.1
45 error npm  v2.14.12
46 error code E404
47 error 404 Registry returned 404 for GET on https://registry.npmjs.org/angular-route-styles
47 error 404
47 error 404 'angular-route-styles' is not in the npm registry.
47 error 404 You should bug the author to publish it (or use the name yourself!)
47 error 404 It was specified as a dependency of 'ankihg-web'
47 error 404
47 error 404 Note that you can also install from a
47 error 404 tarball, folder, http url, or git url.
48 verbose exit [ 1, true ]
